Anketo_demo1/app/build/intermediates/manifest_merge_blame_file/debug/manifest-merger-blame-debug-report.txt
1<?xml version="1.0" encoding="utf-8"?>
2<manifest xmlns:android="http://schemas.android.com/apk/res/android"
3    package="com.example.anketo_demo1"
4    android:versionCode="1"
5    android:versionName="1.0" >
6
7    <uses-sdk
8        android:minSdkVersion="16"
8-->src\main\AndroidManifest.xml
9        android:targetSdkVersion="29" />
9-->src\main\AndroidManifest.xml
10
11    <uses-permission android:name="android.permission.INTERNET" />
11-->src\main\AndroidManifest.xml:27:5-83
11-->src\main\AndroidManifest.xml:27:22-64
12
13    <application
13-->src\main\AndroidManifest.xml:5:5-26:19
14        android:allowBackup="true"
14-->src\main\AndroidManifest.xml:6:9-35
15        android:appComponentFactory="androidx.core.app.CoreComponentFactory"
15-->[androidx.core:core:1.1.0] AndroidManifest.xml:24:18-86
16        android:debuggable="true"
17        android:icon="@mipmap/ic_launcher"
17-->src\main\AndroidManifest.xml:7:9-43
18        android:label="@string/app_name"
18-->src\main\AndroidManifest.xml:8:9-41
19        android:roundIcon="@mipmap/ic_launcher_round"
19-->src\main\AndroidManifest.xml:9:9-54
20        android:supportsRtl="true"
20-->src\main\AndroidManifest.xml:10:9-35
21        android:testOnly="true"
22        android:theme="@style/AppTheme" >
22-->src\main\AndroidManifest.xml:11:9-40
23        <activity android:name="com.example.anketo_demo1.HomeActivity" />
23-->src\main\AndroidManifest.xml:12:9-59
23-->src\main\AndroidManifest.xml:12:19-47
24        <activity android:name="com.example.anketo_demo1.LoginActivity" >
24-->src\main\AndroidManifest.xml:13:9-19:20
24-->src\main\AndroidManifest.xml:13:19-48
25            <intent-filter>
25-->src\main\AndroidManifest.xml:14:13-18:29
26                <action android:name="android.intent.action.MAIN" />
26-->src\main\AndroidManifest.xml:15:17-69
26-->src\main\AndroidManifest.xml:15:25-66
27
28                <category android:name="android.intent.category.LAUNCHER" />
28-->src\main\AndroidManifest.xml:17:17-77
28-->src\main\AndroidManifest.xml:17:27-74
29            </intent-filter>
30        </activity>
31        <activity android:name="com.example.anketo_demo1.AnketoResultActivity" />
31-->src\main\AndroidManifest.xml:20:9-67
31-->src\main\AndroidManifest.xml:20:19-55
32        <activity android:name="com.example.anketo_demo1.AnketoDetailsActivity" />
32-->src\main\AndroidManifest.xml:21:9-68
32-->src\main\AndroidManifest.xml:21:19-56
33        <activity android:name="com.example.anketo_demo1.AnketoIchiranActivity" />
33-->src\main\AndroidManifest.xml:22:9-68
33-->src\main\AndroidManifest.xml:22:19-56
34        <activity android:name="com.example.anketo_demo1.AnketoTokoKakuninActivity" />
34-->src\main\AndroidManifest.xml:23:9-72
34-->src\main\AndroidManifest.xml:23:19-60
35        <activity android:name="com.example.anketo_demo1.AnketoTokoActivity" />
35-->src\main\AndroidManifest.xml:24:9-65
35-->src\main\AndroidManifest.xml:24:19-53
36    </application>
37
38</manifest>